\BOOKMARK [1][-]{section.1}{ImageNet\040Classification\040with\040Deep\040Convolutional\040Neural\040Networks}{}% 1
\BOOKMARK [2][-]{subsection.1.1}{Basic\040Idea}{section.1}% 2
\BOOKMARK [2][-]{subsection.1.2}{Motivation}{section.1}% 3
\BOOKMARK [2][-]{subsection.1.3}{Contribution}{section.1}% 4
\BOOKMARK [2][-]{subsection.1.4}{Comments}{section.1}% 5
\BOOKMARK [1][-]{section.2}{Fast\040R-CNN}{}% 6
\BOOKMARK [2][-]{subsection.2.1}{Basic\040Idea}{section.2}% 7
\BOOKMARK [2][-]{subsection.2.2}{Motivation}{section.2}% 8
\BOOKMARK [2][-]{subsection.2.3}{Contribution}{section.2}% 9
\BOOKMARK [2][-]{subsection.2.4}{Comments}{section.2}% 10
\BOOKMARK [1][-]{section.3}{Selective\040Search\040for\040Object\040Recognition}{}% 11
\BOOKMARK [2][-]{subsection.3.1}{Basic\040Idea}{section.3}% 12
\BOOKMARK [2][-]{subsection.3.2}{Motivation}{section.3}% 13
\BOOKMARK [2][-]{subsection.3.3}{Contribution}{section.3}% 14
\BOOKMARK [2][-]{subsection.3.4}{Comments}{section.3}% 15
\BOOKMARK [1][-]{section.4}{Implementation:\040Mobile\040Face\040Identity\040Authentication\040System\040on\040Android\040Platforms}{}% 16
\BOOKMARK [2][-]{subsection.4.1}{Basic\040idea}{section.4}% 17
\BOOKMARK [2][-]{subsection.4.2}{Motivation}{section.4}% 18
\BOOKMARK [2][-]{subsection.4.3}{Contribution}{section.4}% 19
\BOOKMARK [2][-]{subsection.4.4}{Comments}{section.4}% 20
\BOOKMARK [1][-]{section.5}{Bifocals:\040Analyzing\040WebView\040Vulnerabilities\040in\040Android\040Applications}{}% 21
\BOOKMARK [2][-]{subsection.5.1}{Basic\040idea}{section.5}% 22
\BOOKMARK [2][-]{subsection.5.2}{Motivation}{section.5}% 23
\BOOKMARK [2][-]{subsection.5.3}{Contribution}{section.5}% 24
\BOOKMARK [2][-]{subsection.5.4}{Comments}{section.5}% 25
\BOOKMARK [1][-]{section.6}{A\040GUI\040Crawling-based\040technique\040for\040Android\040Mobile\040Application\040Testing}{}% 26
\BOOKMARK [2][-]{subsection.6.1}{Basic\040Idea}{section.6}% 27
\BOOKMARK [2][-]{subsection.6.2}{Motivation}{section.6}% 28
\BOOKMARK [2][-]{subsection.6.3}{Contribution}{section.6}% 29
\BOOKMARK [2][-]{subsection.6.4}{Comments}{section.6}% 30
\BOOKMARK [1][-]{section.7}{FlowDroid:\040Precise\040Context,\040Flow,\040Field,\040Object-sensitive\040and\040Lifecycle-aware\040Taint\040Analysis\040for\040Android\040Apps}{}% 31
\BOOKMARK [2][-]{subsection.7.1}{Basic\040Idea}{section.7}% 32
\BOOKMARK [2][-]{subsection.7.2}{Motivation}{section.7}% 33
\BOOKMARK [2][-]{subsection.7.3}{Contribution}{section.7}% 34
\BOOKMARK [2][-]{subsection.7.4}{Comments}{section.7}% 35
\BOOKMARK [1][-]{section.8}{Instant\040Messaging\040Service\040on\040Android\040Smartphones\040and\040Personal\040Computers}{}% 36
\BOOKMARK [2][-]{subsection.8.1}{Basic\040Idea}{section.8}% 37
\BOOKMARK [2][-]{subsection.8.2}{Motivation}{section.8}% 38
\BOOKMARK [2][-]{subsection.8.3}{Contribution}{section.8}% 39
\BOOKMARK [2][-]{subsection.8.4}{Comments}{section.8}% 40
\BOOKMARK [1][-]{section.9}{The\040Interaction\040Mechanism\040based\040on\040JSON\040for\040Android\040Database\040Application}{}% 41
\BOOKMARK [2][-]{subsection.9.1}{Basic\040Idea}{section.9}% 42
\BOOKMARK [2][-]{subsection.9.2}{Motivation}{section.9}% 43
\BOOKMARK [2][-]{subsection.9.3}{Contribution}{section.9}% 44
\BOOKMARK [2][-]{subsection.9.4}{Comments}{section.9}% 45
\BOOKMARK [1][-]{section.10}{Passwords\040for\040both\040Mobile\040and\040Desktop\040Computers:\040ObPwd\040for\040Firefox\040and\040Android}{}% 46
\BOOKMARK [2][-]{subsection.10.1}{Basic\040Idea}{section.10}% 47
\BOOKMARK [2][-]{subsection.10.2}{Motivation}{section.10}% 48
\BOOKMARK [2][-]{subsection.10.3}{Contribution}{section.10}% 49
\BOOKMARK [2][-]{subsection.10.4}{Comments}{section.10}% 50
